<?xml version="1.0" encoding="UTF-8"?>
<!-- Generated by org.testng.reporters.JUnitReportReporter -->
<testsuite hostname="GS-3445" name="testcases.LoginTest" tests="2" failures="0" timestamp="30 Apr 2020 09:30:39 GMT" time="27.884" errors="0">
  <testcase name="test1" time="12.162" classname="testcases.LoginTest"/>
  <testcase name="test" time="15.722" classname="testcases.LoginTest"/>
</testsuite> <!-- testcases.LoginTest -->
